  OpenCVLiveLoopVC12.cpp
c:\users\philipp\desktop\coputervision\computer-vision-luftballonerkennung\opencvliveloopvc12\opencvliveloopvc12\opencvliveloopvc12\opencvliveloopvc12.cpp(155): warning C4244: '=': conversion from '_Tp' to 'int', possible loss of data
          with
          [
              _Tp=float
          ]
c:\users\philipp\desktop\coputervision\computer-vision-luftballonerkennung\opencvliveloopvc12\opencvliveloopvc12\opencvliveloopvc12\opencvliveloopvc12.cpp(156): warning C4244: '=': conversion from 'float' to 'int', possible loss of data
c:\users\philipp\desktop\coputervision\computer-vision-luftballonerkennung\opencvliveloopvc12\opencvliveloopvc12\opencvliveloopvc12\opencvliveloopvc12.cpp(163): warning C4244: '=': conversion from '_Tp' to 'int', possible loss of data
          with
          [
              _Tp=float
          ]
c:\users\philipp\desktop\coputervision\computer-vision-luftballonerkennung\opencvliveloopvc12\opencvliveloopvc12\opencvliveloopvc12\opencvliveloopvc12.cpp(164): warning C4244: '=': conversion from '_Tp' to 'int', possible loss of data
          with
          [
              _Tp=float
          ]
c:\users\philipp\desktop\coputervision\computer-vision-luftballonerkennung\opencvliveloopvc12\opencvliveloopvc12\opencvliveloopvc12\opencvliveloopvc12.cpp(170): warning C4244: 'initializing': conversion from 'double' to 'int', possible loss of data
c:\users\philipp\desktop\coputervision\computer-vision-luftballonerkennung\opencvliveloopvc12\opencvliveloopvc12\opencvliveloopvc12\opencvliveloopvc12.cpp(196): warning C4267: '=': conversion from 'size_t' to 'int', possible loss of data
c:\users\philipp\desktop\coputervision\computer-vision-luftballonerkennung\opencvliveloopvc12\opencvliveloopvc12\opencvliveloopvc12\opencvliveloopvc12.cpp(200): warning C4244: 'argument': conversion from '_Tp' to '_Tp', possible loss of data
          with
          [
              _Tp=float
          ]
          and
          [
              _Tp=int
          ]
c:\users\philipp\desktop\coputervision\computer-vision-luftballonerkennung\opencvliveloopvc12\opencvliveloopvc12\opencvliveloopvc12\opencvliveloopvc12.cpp(201): warning C4244: 'argument': conversion from '_Tp' to '_Tp', possible loss of data
          with
          [
              _Tp=float
          ]
          and
          [
              _Tp=int
          ]
c:\users\philipp\desktop\coputervision\computer-vision-luftballonerkennung\opencvliveloopvc12\opencvliveloopvc12\opencvliveloopvc12\opencvliveloopvc12.cpp(211): warning C4244: 'argument': conversion from '_Tp' to '_Tp', possible loss of data
          with
          [
              _Tp=float
          ]
          and
          [
              _Tp=int
          ]
c:\users\philipp\desktop\coputervision\computer-vision-luftballonerkennung\opencvliveloopvc12\opencvliveloopvc12\opencvliveloopvc12\opencvliveloopvc12.cpp(212): warning C4244: 'argument': conversion from '_Tp' to '_Tp', possible loss of data
          with
          [
              _Tp=float
          ]
          and
          [
              _Tp=int
          ]
c:\users\philipp\desktop\coputervision\computer-vision-luftballonerkennung\opencvliveloopvc12\opencvliveloopvc12\opencvliveloopvc12\opencvliveloopvc12.cpp(218): warning C4267: '=': conversion from 'size_t' to 'int', possible loss of data
c:\users\philipp\desktop\coputervision\computer-vision-luftballonerkennung\opencvliveloopvc12\opencvliveloopvc12\opencvliveloopvc12\opencvliveloopvc12.cpp(219): warning C4267: '=': conversion from 'size_t' to 'int', possible loss of data
c:\users\philipp\desktop\coputervision\computer-vision-luftballonerkennung\opencvliveloopvc12\opencvliveloopvc12\opencvliveloopvc12\opencvliveloopvc12.cpp(180): warning C4101: 'angle': unreferenced local variable
  Generating code
  1 of 185 functions ( 0.5%) were compiled, the rest were copied from previous compilation.
    0 functions were new in current compilation
    1 functions had inline decision re-evaluated but remain unchanged
  Finished generating code
  OpenCVLiveLoopVC12.vcxproj -> C:\Users\Philipp\Desktop\Coputervision\Computer-Vision-Luftballonerkennung\OpenCVLiveLoopVC12\OpenCVLiveLoopVC12\x64\Release\OpenCVLiveLoopVC12.exe
